Start Time: 8/8/20181:57 PM
86.00
Temp 86.00	8/8/2018	2:14:42 PM
Temp 86.00	8/8/2018	2:14:43 PM
Temp 86.00	8/8/2018	2:14:43 PM
85.00
Temp 85.01	8/8/2018	2:18:02 PM
Temp 85.01	8/8/2018	2:18:03 PM
Temp 85.01	8/8/2018	2:18:04 PM
84.00
Temp 84.01	8/8/2018	2:21:21 PM
Temp 84.01	8/8/2018	2:21:22 PM
Temp 84.01	8/8/2018	2:21:22 PM
83.00
Temp 83.01	8/8/2018	2:24:40 PM
Temp 83.01	8/8/2018	2:24:40 PM
Temp 83.01	8/8/2018	2:24:41 PM
82.00
Temp 82.01	8/8/2018	2:28:01 PM
Temp 82.01	8/8/2018	2:28:01 PM
Temp 82.00	8/8/2018	2:28:02 PM
81.00
Temp 81.01	8/8/2018	2:31:21 PM
Temp 81.01	8/8/2018	2:31:22 PM
Temp 81.00	8/8/2018	2:31:23 PM
80.00
Temp 80.00	8/8/2018	2:34:44 PM
Temp 80.00	8/8/2018	2:34:45 PM
Temp 80.00	8/8/2018	2:34:46 PM
79.00
Temp 79.01	8/8/2018	2:38:07 PM
Temp 79.01	8/8/2018	2:38:08 PM
Temp 79.01	8/8/2018	2:38:09 PM
78.00
Temp 78.00	8/8/2018	2:41:30 PM
Temp 78.00	8/8/2018	2:41:31 PM
Temp 78.00	8/8/2018	2:41:32 PM
77.00
Temp 77.00	8/8/2018	2:44:55 PM
Temp 77.00	8/8/2018	2:44:56 PM
Temp 77.00	8/8/2018	2:44:57 PM
76.00
Temp 76.00	8/8/2018	2:48:20 PM
Temp 76.00	8/8/2018	2:48:21 PM
Temp 76.00	8/8/2018	2:48:21 PM
75.00
Temp 75.02	8/8/2018	2:51:47 PM
Temp 75.02	8/8/2018	2:51:48 PM
Temp 75.02	8/8/2018	2:51:48 PM
74.00
Temp 74.03	8/8/2018	2:55:14 PM
Temp 74.03	8/8/2018	2:55:14 PM
Temp 74.04	8/8/2018	2:55:15 PM
73.00
Temp 73.02	8/8/2018	2:58:44 PM
Temp 73.02	8/8/2018	2:58:44 PM
Temp 73.02	8/8/2018	2:58:45 PM
72.00
Temp 72.02	8/8/2018	3:02:12 PM
Temp 72.02	8/8/2018	3:02:13 PM
Temp 72.01	8/8/2018	3:02:14 PM
71.00
Temp 71.02	8/8/2018	3:05:41 PM
Temp 71.02	8/8/2018	3:05:42 PM
Temp 71.02	8/8/2018	3:05:43 PM
70.00
Temp 70.02	8/8/2018	3:09:12 PM
Temp 70.02	8/8/2018	3:09:13 PM
Temp 70.02	8/8/2018	3:09:14 PM
69.00
Temp 68.99	8/8/2018	3:12:43 PM
Temp 68.99	8/8/2018	3:12:44 PM
Temp 69.00	8/8/2018	3:12:44 PM
68.00
Temp 67.97	8/8/2018	3:16:16 PM
Temp 67.97	8/8/2018	3:16:17 PM
Temp 67.98	8/8/2018	3:16:17 PM
67.00
Temp 66.93	8/8/2018	3:19:51 PM
Temp 66.93	8/8/2018	3:19:51 PM
Temp 66.94	8/8/2018	3:19:52 PM
66.00
Temp 65.89	8/8/2018	3:23:28 PM
Temp 65.89	8/8/2018	3:23:28 PM
Temp 65.91	8/8/2018	3:23:29 PM
65.00
Temp 64.98	8/8/2018	3:27:04 PM
Temp 64.98	8/8/2018	3:27:05 PM
Temp 65.01	8/8/2018	3:27:06 PM
64.00
Temp 63.96	8/8/2018	3:30:39 PM
Temp 63.96	8/8/2018	3:30:40 PM
Temp 64.01	8/8/2018	3:30:41 PM
63.00
Temp 63.02	8/8/2018	3:34:14 PM
Temp 63.02	8/8/2018	3:34:15 PM
Temp 63.03	8/8/2018	3:34:16 PM
62.00
Temp 62.01	8/8/2018	3:37:49 PM
Temp 62.01	8/8/2018	3:37:50 PM
Temp 62.03	8/8/2018	3:37:51 PM
61.00
Temp 61.02	8/8/2018	3:41:26 PM
Temp 61.02	8/8/2018	3:41:27 PM
Temp 61.02	8/8/2018	3:41:28 PM
60.00
Temp 59.98	8/8/2018	3:45:05 PM
Temp 59.98	8/8/2018	3:45:06 PM
Temp 59.99	8/8/2018	3:45:07 PM
59.00
Temp 59.01	8/8/2018	3:48:47 PM
Temp 59.01	8/8/2018	3:48:48 PM
Temp 59.01	8/8/2018	3:48:49 PM
58.00
Temp 57.99	8/8/2018	3:52:28 PM
Temp 57.99	8/8/2018	3:52:29 PM
Temp 57.99	8/8/2018	3:52:30 PM
57.00
Temp 56.97	8/8/2018	3:56:09 PM
Temp 56.97	8/8/2018	3:56:10 PM
Temp 56.98	8/8/2018	3:56:11 PM
56.00
Temp 55.82	8/8/2018	3:59:48 PM
Temp 55.82	8/8/2018	3:59:49 PM
Temp 55.85	8/8/2018	3:59:49 PM
55.00
Temp 54.84	8/8/2018	4:03:27 PM
Temp 54.84	8/8/2018	4:03:28 PM
Temp 54.84	8/8/2018	4:03:28 PM
54.00
Temp 53.82	8/8/2018	4:07:08 PM
Temp 53.82	8/8/2018	4:07:08 PM
Temp 53.83	8/8/2018	4:07:09 PM
53.00
Temp 52.85	8/8/2018	4:10:49 PM
Temp 52.85	8/8/2018	4:10:49 PM
Temp 52.85	8/8/2018	4:10:50 PM
52.00
Temp 51.82	8/8/2018	4:14:18 PM
Temp 51.82	8/8/2018	4:14:18 PM
Temp 51.82	8/8/2018	4:14:19 PM
51.00
Temp 50.90	8/8/2018	4:17:43 PM
Temp 50.90	8/8/2018	4:17:43 PM
Temp 50.91	8/8/2018	4:17:44 PM
50.00
Temp 49.93	8/8/2018	4:21:04 PM
Temp 49.93	8/8/2018	4:21:04 PM
Temp 49.93	8/8/2018	4:21:05 PM
49.00
Temp 48.94	8/8/2018	4:24:23 PM
Temp 48.94	8/8/2018	4:24:23 PM
Temp 48.94	8/8/2018	4:24:24 PM
48.00
Temp 48.08	8/8/2018	4:27:31 PM
Temp 48.08	8/8/2018	4:27:32 PM
Temp 48.08	8/8/2018	4:27:33 PM
47.00
Temp 47.07	8/8/2018	4:30:40 PM
Temp 47.07	8/8/2018	4:30:41 PM
Temp 47.07	8/8/2018	4:30:42 PM
46.00
Temp 45.99	8/8/2018	4:33:49 PM
Temp 45.99	8/8/2018	4:33:50 PM
Temp 45.99	8/8/2018	4:33:51 PM
45.00
Temp 45.10	8/8/2018	4:37:00 PM
Temp 45.10	8/8/2018	4:37:01 PM
Temp 45.11	8/8/2018	4:37:02 PM
44.00
Temp 43.90	8/8/2018	4:40:09 PM
Temp 43.92	8/8/2018	4:40:10 PM
Temp 43.91	8/8/2018	4:40:11 PM
43.00
Temp 42.85	8/8/2018	4:43:17 PM
Temp 42.85	8/8/2018	4:43:18 PM
Temp 42.87	8/8/2018	4:43:19 PM
42.00
Temp 42.08	8/8/2018	4:46:26 PM
Temp 42.08	8/8/2018	4:46:27 PM
Temp 42.09	8/8/2018	4:46:28 PM
41.00
Temp 40.99	8/8/2018	4:49:35 PM
Temp 40.99	8/8/2018	4:49:36 PM
Temp 40.97	8/8/2018	4:49:37 PM
40.00
Temp 39.98	8/8/2018	4:52:44 PM
Temp 39.98	8/8/2018	4:52:45 PM
Temp 39.98	8/8/2018	4:52:45 PM
39.00
Temp 38.99	8/8/2018	4:55:53 PM
Temp 38.99	8/8/2018	4:55:54 PM
Temp 39.01	8/8/2018	4:55:54 PM
38.00
Temp 38.05	8/8/2018	4:59:02 PM
Temp 38.05	8/8/2018	4:59:02 PM
Temp 38.04	8/8/2018	4:59:03 PM
37.00
Temp 36.91	8/8/2018	5:02:11 PM
Temp 36.91	8/8/2018	5:02:11 PM
Temp 36.93	8/8/2018	5:02:12 PM
36.00
Temp 35.81	8/8/2018	5:05:19 PM
Temp 35.81	8/8/2018	5:05:20 PM
Temp 35.83	8/8/2018	5:05:21 PM
35.00
Temp 35.02	8/8/2018	5:08:28 PM
Temp 35.02	8/8/2018	5:08:29 PM
Temp 35.01	8/8/2018	5:08:30 PM
34.00
Temp 34.07	8/8/2018	5:11:37 PM
Temp 34.07	8/8/2018	5:11:38 PM
Temp 34.09	8/8/2018	5:11:39 PM
33.00
Temp 32.97	8/8/2018	5:14:44 PM
Temp 32.97	8/8/2018	5:14:45 PM
Temp 32.94	8/8/2018	5:14:46 PM
32.00
Temp 32.01	8/8/2018	5:17:53 PM
Temp 32.01	8/8/2018	5:17:54 PM
Temp 32.04	8/8/2018	5:17:54 PM
31.00
Temp 31.05	8/8/2018	5:21:00 PM
Temp 31.05	8/8/2018	5:21:01 PM
Temp 31.03	8/8/2018	5:21:01 PM
30.00
Temp 30.09	8/8/2018	5:24:19 PM
Temp 30.09	8/8/2018	5:24:19 PM
Temp 30.10	8/8/2018	5:24:20 PM
29.00
Temp 28.98	8/8/2018	5:27:34 PM
Temp 28.98	8/8/2018	5:27:34 PM
Temp 29.00	8/8/2018	5:27:35 PM
28.00
Temp 28.00	8/8/2018	5:30:44 PM
Temp 28.00	8/8/2018	5:30:45 PM
Temp 28.02	8/8/2018	5:30:46 PM
27.00
Temp 27.00	8/8/2018	5:33:53 PM
Temp 27.00	8/8/2018	5:33:54 PM
Temp 27.02	8/8/2018	5:33:55 PM
26.00
Temp 25.85	8/8/2018	5:37:04 PM
Temp 25.91	8/8/2018	5:37:05 PM
Temp 25.87	8/8/2018	5:37:06 PM
25.00
Temp 25.03	8/8/2018	5:40:17 PM
Temp 24.96	8/8/2018	5:40:18 PM
Temp 24.96	8/8/2018	5:40:19 PM
24.00
Temp 24.04	8/8/2018	5:43:27 PM
Temp 24.04	8/8/2018	5:43:28 PM
Temp 24.04	8/8/2018	5:43:29 PM
23.00
Temp 22.88	8/8/2018	5:46:36 PM
Temp 22.88	8/8/2018	5:46:37 PM
Temp 22.88	8/8/2018	5:46:37 PM
22.00
Temp 22.11	8/8/2018	5:49:43 PM
Temp 22.11	8/8/2018	5:49:44 PM
Temp 22.05	8/8/2018	5:49:44 PM
21.00
Temp 21.06	8/8/2018	5:52:52 PM
Temp 21.06	8/8/2018	5:52:52 PM
Temp 20.93	8/8/2018	5:52:53 PM
20.00
Temp 20.00	8/8/2018	5:55:58 PM
Temp 20.00	8/8/2018	5:55:59 PM
Temp 20.00	8/8/2018	5:56:00 PM
19.00
Temp 18.83	8/8/2018	5:59:07 PM
Temp 18.83	8/8/2018	5:59:08 PM
Temp 18.83	8/8/2018	5:59:09 PM
18.00
Temp 18.03	8/8/2018	6:02:31 PM
Temp 17.99	8/8/2018	6:02:32 PM
Temp 17.99	8/8/2018	6:02:33 PM
17.00
Temp 16.92	8/8/2018	6:05:41 PM
Temp 16.92	8/8/2018	6:05:42 PM
Temp 16.92	8/8/2018	6:05:43 PM
16.00
Temp 15.87	8/8/2018	6:08:52 PM
Temp 15.87	8/8/2018	6:08:53 PM
Temp 15.86	8/8/2018	6:08:53 PM
15.00
Temp 14.92	8/8/2018	6:12:05 PM
Temp 14.92	8/8/2018	6:12:06 PM
Temp 14.98	8/8/2018	6:12:06 PM
14.00
Temp 14.05	8/8/2018	6:15:18 PM
Temp 14.05	8/8/2018	6:15:18 PM
Temp 14.00	8/8/2018	6:15:19 PM
13.00
Temp 12.89	8/8/2018	6:18:31 PM
Temp 12.89	8/8/2018	6:18:31 PM
Temp 12.82	8/8/2018	6:18:32 PM
12.00
Temp 12.11	8/8/2018	6:21:39 PM
Temp 12.11	8/8/2018	6:21:40 PM
Temp 12.00	8/8/2018	6:21:41 PM
11.00
Temp 11.05	8/8/2018	6:24:48 PM
Temp 11.05	8/8/2018	6:24:49 PM
Temp 11.07	8/8/2018	6:24:50 PM
10.00
Temp 10.07	8/8/2018	6:27:59 PM
Temp 10.07	8/8/2018	6:28:00 PM
Temp 10.06	8/8/2018	6:28:01 PM
9.00
Temp 8.96	8/8/2018	6:31:10 PM
Temp 8.96	8/8/2018	6:31:11 PM
Temp 8.94	8/8/2018	6:31:12 PM
8.00
Temp 8.00	8/8/2018	6:34:17 PM
Temp 8.00	8/8/2018	6:34:18 PM
Temp 8.10	8/8/2018	6:34:19 PM
7.00
Temp 7.12	8/8/2018	6:37:30 PM
Temp 7.12	8/8/2018	6:37:31 PM
Temp 7.10	8/8/2018	6:37:32 PM
6.00
Temp 5.84	8/8/2018	6:40:39 PM
Temp 5.84	8/8/2018	6:40:40 PM
Temp 5.87	8/8/2018	6:40:40 PM
5.00
Temp 5.07	8/8/2018	6:43:58 PM
Temp 5.07	8/8/2018	6:43:59 PM
Temp 5.10	8/8/2018	6:43:59 PM
4.00
Temp 4.06	8/8/2018	6:47:11 PM
Temp 4.06	8/8/2018	6:47:11 PM
Temp 4.12	8/8/2018	6:47:12 PM
3.00
Temp 3.04	8/8/2018	6:50:17 PM
Temp 3.04	8/8/2018	6:50:18 PM
Temp 2.95	8/8/2018	6:50:19 PM
2.00
Temp 1.83	8/8/2018	6:53:34 PM
Temp 1.83	8/8/2018	6:53:35 PM
Temp 1.96	8/8/2018	6:53:36 PM
1.00
Temp 0.88	8/8/2018	6:56:41 PM
Temp 0.88	8/8/2018	6:56:42 PM
Temp 0.98	8/8/2018	6:56:43 PM
0.00
Temp 0.10	8/8/2018	6:59:54 PM
Temp 0.10	8/8/2018	6:59:55 PM
Temp -0.39	8/8/2018	6:59:56 PM
-1.00
Temp -1.03	8/8/2018	7:03:05 PM
Temp -1.03	8/8/2018	7:03:06 PM
Temp -1.40	8/8/2018	7:03:06 PM
-2.00
Temp -1.85	8/8/2018	7:06:12 PM
Temp -2.22	8/8/2018	7:06:13 PM
Temp -2.22	8/8/2018	7:06:13 PM
-3.00
Temp -3.17	8/8/2018	7:09:23 PM
Temp -2.98	8/8/2018	7:09:24 PM
Temp -3.09	8/8/2018	7:09:24 PM
-4.00
Temp -3.78	8/8/2018	7:12:38 PM
Temp -3.88	8/8/2018	7:12:38 PM
Temp -3.82	8/8/2018	7:12:39 PM
-5.00
Temp -4.76	8/8/2018	7:15:45 PM
Temp -5.02	8/8/2018	7:15:45 PM
Temp -4.86	8/8/2018	7:15:46 PM
-6.00
Temp -5.88	8/8/2018	7:18:53 PM
Temp -6.10	8/8/2018	7:18:54 PM
Temp -5.97	8/8/2018	7:18:55 PM
-7.00
Temp -6.76	8/8/2018	7:22:01 PM
Temp -6.76	8/8/2018	7:22:02 PM
Temp -6.62	8/8/2018	7:22:03 PM
-8.00
Temp -7.74	8/8/2018	7:25:16 PM
Temp -7.74	8/8/2018	7:25:17 PM
Temp -7.74	8/8/2018	7:25:18 PM
-9.00
Temp -9.16	8/8/2018	7:28:25 PM
Temp -9.16	8/8/2018	7:28:26 PM
Temp -8.94	8/8/2018	7:28:27 PM
-10.00
Temp -10.42	8/8/2018	7:31:30 PM
Temp -10.42	8/8/2018	7:31:31 PM
Temp -10.35	8/8/2018	7:31:31 PM
-11.00
Temp -10.95	8/8/2018	7:34:37 PM
Temp -10.95	8/8/2018	7:34:38 PM
Temp -10.63	8/8/2018	7:34:38 PM
-12.00
Temp -11.80	8/8/2018	7:37:54 PM
Temp -11.80	8/8/2018	7:37:54 PM
Temp -12.04	8/8/2018	7:37:55 PM
-13.00
Temp -12.79	8/8/2018	7:41:03 PM
Temp -12.79	8/8/2018	7:41:03 PM
Temp -12.90	8/8/2018	7:41:04 PM
-14.00
Temp -13.87	8/8/2018	7:44:07 PM
Temp -13.87	8/8/2018	7:44:08 PM
Temp -13.75	8/8/2018	7:44:09 PM
-15.00
Temp -14.26	8/8/2018	7:47:18 PM
Temp -14.26	8/8/2018	7:47:19 PM
Temp -14.42	8/8/2018	7:47:20 PM
-16.00
Temp -15.51	8/8/2018	7:50:27 PM
Temp -15.51	8/8/2018	7:50:28 PM
Temp -15.40	8/8/2018	7:50:29 PM
-17.00
Temp -16.69	8/8/2018	7:53:38 PM
Temp -16.69	8/8/2018	7:53:39 PM
Temp -16.73	8/8/2018	7:53:39 PM
-18.00
Temp -18.35	8/8/2018	7:56:47 PM
Temp -18.35	8/8/2018	7:56:48 PM
Temp -18.17	8/8/2018	7:56:48 PM
-19.00
Temp -19.10	8/8/2018	7:59:58 PM
Temp -19.10	8/8/2018	7:59:58 PM
Temp -19.23	8/8/2018	7:59:59 PM
-20.00
Temp -20.24	8/8/2018	8:03:10 PM
Temp -20.24	8/8/2018	8:03:11 PM
Temp -20.06	8/8/2018	8:03:12 PM
-21.00
Temp -21.35	8/8/2018	8:06:15 PM
Temp -21.35	8/8/2018	8:06:16 PM
Temp -21.15	8/8/2018	8:06:17 PM
-22.00
Temp -21.31	8/8/2018	8:09:28 PM
Temp -21.31	8/8/2018	8:09:29 PM
Temp -21.35	8/8/2018	8:09:30 PM
-23.00
Temp -22.48	8/8/2018	8:12:39 PM
Temp -22.48	8/8/2018	8:12:40 PM
Temp -23.00	8/8/2018	8:12:41 PM
-24.00
Temp -23.84	8/8/2018	8:15:52 PM
Temp -23.84	8/8/2018	8:15:53 PM
Temp -23.65	8/8/2018	8:15:53 PM
-25.00
Temp -25.11	8/8/2018	8:19:01 PM
Temp -25.11	8/8/2018	8:19:01 PM
Temp -25.37	8/8/2018	8:19:02 PM
-26.00
Temp -26.08	8/8/2018	8:22:09 PM
Temp -26.08	8/8/2018	8:22:10 PM
Temp -26.36	8/8/2018	8:22:11 PM
-27.00
Temp -26.83	8/8/2018	8:25:28 PM
Temp -26.83	8/8/2018	8:25:29 PM
Temp -26.83	8/8/2018	8:25:30 PM
-28.00
Temp -28.12	8/8/2018	8:28:39 PM
Temp -28.12	8/8/2018	8:28:40 PM
Temp -28.12	8/8/2018	8:28:41 PM
-29.00
Temp -28.36	8/8/2018	8:31:51 PM
Temp -28.94	8/8/2018	8:31:52 PM
Temp -28.75	8/8/2018	8:31:52 PM
-30.00
Temp -29.60	8/8/2018	8:35:00 PM
Temp -29.66	8/8/2018	8:35:00 PM
Temp -29.76	8/8/2018	8:35:01 PM
-31.00
Temp -30.82	8/8/2018	8:38:11 PM
Temp -31.21	8/8/2018	8:38:11 PM
Temp -31.21	8/8/2018	8:38:12 PM
-32.00
Temp -32.08	8/8/2018	8:41:17 PM
Temp -32.08	8/8/2018	8:41:17 PM
Temp -31.93	8/8/2018	8:41:18 PM
-33.00
Temp -32.62	8/8/2018	8:44:25 PM
Temp -32.62	8/8/2018	8:44:26 PM
Temp -32.79	8/8/2018	8:44:27 PM
-34.00
Temp -33.86	8/8/2018	8:47:46 PM
Temp -33.86	8/8/2018	8:47:47 PM
Temp -34.12	8/8/2018	8:47:48 PM
-35.00
Temp -35.07	8/8/2018	8:51:05 PM
Temp -35.07	8/8/2018	8:51:06 PM
Temp -35.13	8/8/2018	8:51:07 PM
-36.00
Temp -35.84	8/8/2018	8:54:24 PM
Temp -35.84	8/8/2018	8:54:25 PM
Temp -36.29	8/8/2018	8:54:26 PM
-37.00
Temp -37.17	8/8/2018	8:57:37 PM
Temp -37.17	8/8/2018	8:57:38 PM
Temp -36.80	8/8/2018	8:57:38 PM
-38.00
Temp -38.14	8/8/2018	9:00:46 PM
Temp -38.14	8/8/2018	9:00:47 PM
Temp -37.77	8/8/2018	9:00:47 PM
-39.00
Temp -39.23	8/8/2018	9:03:55 PM
Temp -39.23	8/8/2018	9:03:55 PM
Temp -39.03	8/8/2018	9:03:56 PM
-40.00
Temp -40.15	8/8/2018	9:07:03 PM
Temp -40.15	8/8/2018	9:07:04 PM
Temp -39.86	8/8/2018	9:07:05 PM
-41.00
Temp -40.75	8/8/2018	9:10:16 PM
Temp -40.75	8/8/2018	9:10:17 PM
Temp -40.81	8/8/2018	9:10:18 PM
O
End of Test     8/8/20189:11 PM

End of Test     8/8/20189:11 PM

