Start Time: 9/20/20186:18 PM
70.00
Temp 69.99	9/20/2018	6:48:16 PM
Temp 69.99	9/20/2018	6:48:17 PM
Temp 69.99	9/20/2018	6:48:18 PM
65.00
Temp 65.00	9/20/2018	7:00:15 PM
Temp 65.00	9/20/2018	7:00:16 PM
Temp 65.00	9/20/2018	7:00:17 PM
60.00
Temp 59.99	9/20/2018	7:12:13 PM
Temp 59.99	9/20/2018	7:12:14 PM
Temp 59.99	9/20/2018	7:12:14 PM
55.00
Temp 54.99	9/20/2018	7:24:10 PM
Temp 54.99	9/20/2018	7:24:10 PM
Temp 54.99	9/20/2018	7:24:11 PM
50.00
Temp 50.01	9/20/2018	7:36:05 PM
Temp 50.01	9/20/2018	7:36:06 PM
Temp 50.01	9/20/2018	7:36:07 PM
45.00
Temp 44.99	9/20/2018	7:48:00 PM
Temp 44.99	9/20/2018	7:48:01 PM
Temp 44.99	9/20/2018	7:48:02 PM
40.00
Temp 40.01	9/20/2018	7:59:56 PM
Temp 40.01	9/20/2018	7:59:57 PM
Temp 40.02	9/20/2018	7:59:57 PM
35.00
Temp 34.98	9/20/2018	8:11:52 PM
Temp 34.98	9/20/2018	8:11:52 PM
Temp 34.98	9/20/2018	8:11:53 PM
30.00
Temp 30.00	9/20/2018	8:23:47 PM
Temp 30.00	9/20/2018	8:23:47 PM
Temp 30.00	9/20/2018	8:23:48 PM
25.00
Temp 25.00	9/20/2018	8:35:44 PM
Temp 25.00	9/20/2018	8:35:45 PM
Temp 25.00	9/20/2018	8:35:46 PM
20.00
Temp 19.99	9/20/2018	8:47:39 PM
Temp 19.99	9/20/2018	8:47:40 PM
Temp 19.99	9/20/2018	8:47:41 PM
15.00
Temp 15.00	9/20/2018	8:59:37 PM
Temp 15.00	9/20/2018	8:59:38 PM
Temp 15.01	9/20/2018	8:59:39 PM
10.00
Temp 10.01	9/20/2018	9:11:32 PM
Temp 10.01	9/20/2018	9:11:33 PM
Temp 10.01	9/20/2018	9:11:34 PM
5.00
Temp 5.00	9/20/2018	9:23:28 PM
Temp 5.00	9/20/2018	9:23:29 PM
Temp 4.99	9/20/2018	9:23:29 PM
0.00
Temp 0.00	9/20/2018	9:35:25 PM
Temp 0.00	9/20/2018	9:35:26 PM
Temp 0.00	9/20/2018	9:35:26 PM
-5.00
Temp -4.98	9/20/2018	9:47:22 PM
Temp -4.98	9/20/2018	9:47:22 PM
Temp -4.98	9/20/2018	9:47:23 PM
-10.00
Temp -10.01	9/20/2018	9:59:19 PM
Temp -10.01	9/20/2018	9:59:20 PM
Temp -10.02	9/20/2018	9:59:21 PM
-15.00
Temp -15.00	9/20/2018	10:11:14 PM
Temp -15.00	9/20/2018	10:11:15 PM
Temp -15.00	9/20/2018	10:11:16 PM
-20.00
Temp -19.98	9/20/2018	10:23:10 PM
Temp -19.98	9/20/2018	10:23:11 PM
Temp -19.99	9/20/2018	10:23:12 PM
O
End of Test     9/20/201810:24 PM

End of Test     9/20/201810:24 PM

